<?xml version="1.0" encoding="UTF-8"?>
<robot generator="Robot 6.1.1 (Python 3.12.4 on win32)" generated="20241118 02:40:26.515" rpa="false" schemaversion="4">
<suite id="s1" name="Register" source="E:\Koulu\Ohjelmistotuotanto\palautusrepositorio\viikko3\web-login\src\tests\register.robot">
<kw name="Open And Configure Browser" library="resource" type="SETUP">
<if>
<branch type="IF" condition="$BROWSER == 'chrome'">
<kw name="Evaluate" library="BuiltIn">
<var>${options}</var>
<arg>sys.modules['selenium.webdriver'].ChromeOptions()</arg>
<arg>sys</arg>
<doc>Evaluates the given expression in Python and returns the result.</doc>
<msg timestamp="20241118 02:40:27.561" level="INFO">${options} = &lt;selenium.webdriver.chrome.options.Options object at 0x000001DABE7CCCE0&gt;</msg>
<status status="PASS" starttime="20241118 02:40:27.561" endtime="20241118 02:40:27.561"/>
</kw>
<status status="PASS" starttime="20241118 02:40:27.561" endtime="20241118 02:40:27.561"/>
</branch>
<branch type="ELSE IF" condition="$BROWSER == 'firefox'">
<kw name="Evaluate" library="BuiltIn">
<var>${options}</var>
<arg>sys.modules['selenium.webdriver'].FirefoxOptions()</arg>
<arg>sys</arg>
<doc>Evaluates the given expression in Python and returns the result.</doc>
<status status="NOT RUN" starttime="20241118 02:40:27.561" endtime="20241118 02:40:27.562"/>
</kw>
<status status="NOT RUN" starttime="20241118 02:40:27.561" endtime="20241118 02:40:27.562"/>
</branch>
<status status="PASS" starttime="20241118 02:40:27.561" endtime="20241118 02:40:27.562"/>
</if>
<if>
<branch type="IF" condition="$HEADLESS == 'true'">
<kw name="Set Selenium Speed" library="SeleniumLibrary">
<arg>0</arg>
<doc>Sets the delay that is waited after each Selenium command.</doc>
<status status="NOT RUN" starttime="20241118 02:40:27.562" endtime="20241118 02:40:27.562"/>
</kw>
<kw name="Call Method" library="BuiltIn">
<arg>${options}</arg>
<arg>add_argument</arg>
<arg>--headless</arg>
<doc>Calls the named method of the given object with the provided arguments.</doc>
<status status="NOT RUN" starttime="20241118 02:40:27.562" endtime="20241118 02:40:27.562"/>
</kw>
<status status="NOT RUN" starttime="20241118 02:40:27.562" endtime="20241118 02:40:27.562"/>
</branch>
<branch type="ELSE">
<kw name="Set Selenium Speed" library="SeleniumLibrary">
<arg>${DELAY}</arg>
<doc>Sets the delay that is waited after each Selenium command.</doc>
<status status="PASS" starttime="20241118 02:40:27.562" endtime="20241118 02:40:27.562"/>
</kw>
<status status="PASS" starttime="20241118 02:40:27.562" endtime="20241118 02:40:27.562"/>
</branch>
<status status="PASS" starttime="20241118 02:40:27.562" endtime="20241118 02:40:27.562"/>
</if>
<kw name="Open Browser" library="SeleniumLibrary">
<arg>browser=${BROWSER}</arg>
<arg>options=${options}</arg>
<doc>Opens a new browser instance to the optional ``url``.</doc>
<msg timestamp="20241118 02:40:27.562" level="INFO">Opening browser 'chrome' to base url 'None'.</msg>
<status status="PASS" starttime="20241118 02:40:27.562" endtime="20241118 02:40:29.138"/>
</kw>
<status status="PASS" starttime="20241118 02:40:27.561" endtime="20241118 02:40:29.138"/>
</kw>
<test id="s1-t1" name="Register With Valid Username And Password" line="9">
<kw name="Reset Application Create User And Go To Register Page" type="SETUP">
<kw name="Reset Application" library="AppLibrary">
<status status="PASS" starttime="20241118 02:40:29.139" endtime="20241118 02:40:31.175"/>
</kw>
<kw name="Create User" library="AppLibrary">
<arg>kalle</arg>
<arg>kalle123</arg>
<status status="PASS" starttime="20241118 02:40:31.175" endtime="20241118 02:40:35.269"/>
</kw>
<kw name="Go To Register Page" library="resource">
<kw name="Go To" library="SeleniumLibrary">
<arg>${REGISTER_URL}</arg>
<doc>Navigates the current browser window to the provided ``url``.</doc>
<msg timestamp="20241118 02:40:35.270" level="INFO">Opening url 'http://localhost:5001/register'</msg>
<status status="PASS" starttime="20241118 02:40:35.270" endtime="20241118 02:40:36.157"/>
</kw>
<status status="PASS" starttime="20241118 02:40:35.270" endtime="20241118 02:40:36.157"/>
</kw>
<status status="PASS" starttime="20241118 02:40:29.139" endtime="20241118 02:40:36.157"/>
</kw>
<kw name="Set Username">
<arg>uusikayttaja</arg>
<kw name="Input Text" library="SeleniumLibrary">
<arg>username</arg>
<arg>${username}</arg>
<doc>Types the given ``text`` into the text field identified by ``locator``.</doc>
<msg timestamp="20241118 02:40:36.162" level="INFO">Typing text 'uusikayttaja' into text field 'username'.</msg>
<status status="PASS" starttime="20241118 02:40:36.160" endtime="20241118 02:40:37.817"/>
</kw>
<status status="PASS" starttime="20241118 02:40:36.159" endtime="20241118 02:40:37.817"/>
</kw>
<kw name="Set Password">
<arg>Salasana1!</arg>
<kw name="Input Password" library="SeleniumLibrary">
<arg>password</arg>
<arg>${password}</arg>
<doc>Types the given password into the text field identified by ``locator``.</doc>
<msg timestamp="20241118 02:40:37.818" level="INFO">Typing password into text field 'password'.</msg>
<msg timestamp="20241118 02:40:38.858" level="INFO">Temporally setting log level to: NONE</msg>
<msg timestamp="20241118 02:40:39.401" level="INFO">Log level changed from NONE to INFO.</msg>
<status status="PASS" starttime="20241118 02:40:37.818" endtime="20241118 02:40:39.401"/>
</kw>
<status status="PASS" starttime="20241118 02:40:37.817" endtime="20241118 02:40:39.401"/>
</kw>
<kw name="Confirm Password">
<arg>Salasana1!</arg>
<kw name="Input Password" library="SeleniumLibrary">
<arg>password_confirmation</arg>
<arg>${password_confirmation}</arg>
<doc>Types the given password into the text field identified by ``locator``.</doc>
<msg timestamp="20241118 02:40:39.402" level="INFO">Typing password into text field 'password_confirmation'.</msg>
<msg timestamp="20241118 02:40:40.438" level="INFO">Temporally setting log level to: NONE</msg>
<msg timestamp="20241118 02:40:40.984" level="INFO">Log level changed from NONE to INFO.</msg>
<status status="PASS" starttime="20241118 02:40:39.402" endtime="20241118 02:40:40.984"/>
</kw>
<status status="PASS" starttime="20241118 02:40:39.402" endtime="20241118 02:40:40.984"/>
</kw>
<kw name="Submit Registration">
<kw name="Click Button" library="SeleniumLibrary">
<arg>Register</arg>
<doc>Clicks the button identified by ``locator``.</doc>
<msg timestamp="20241118 02:40:40.985" level="INFO">Clicking button 'Register'.</msg>
<status status="PASS" starttime="20241118 02:40:40.985" endtime="20241118 02:40:43.362"/>
</kw>
<status status="PASS" starttime="20241118 02:40:40.984" endtime="20241118 02:40:43.362"/>
</kw>
<kw name="Registration Should Succeed">
<kw name="Welcome Page Should Be Open" library="resource">
<kw name="Title Should Be" library="SeleniumLibrary">
<arg>Welcome to Ohtu Application!</arg>
<doc>Verifies that the current page title equals ``title``.</doc>
<msg timestamp="20241118 02:40:43.870" level="INFO">Page title is 'Welcome to Ohtu Application!'.</msg>
<status status="PASS" starttime="20241118 02:40:43.363" endtime="20241118 02:40:43.870"/>
</kw>
<status status="PASS" starttime="20241118 02:40:43.363" endtime="20241118 02:40:43.870"/>
</kw>
<status status="PASS" starttime="20241118 02:40:43.362" endtime="20241118 02:40:43.870"/>
</kw>
<status status="PASS" starttime="20241118 02:40:29.138" endtime="20241118 02:40:43.870"/>
</test>
<test id="s1-t2" name="Register With Too Short Username And Valid Password" line="16">
<kw name="Reset Application Create User And Go To Register Page" type="SETUP">
<kw name="Reset Application" library="AppLibrary">
<status status="PASS" starttime="20241118 02:40:43.872" endtime="20241118 02:40:45.895"/>
</kw>
<kw name="Create User" library="AppLibrary">
<arg>kalle</arg>
<arg>kalle123</arg>
<status status="PASS" starttime="20241118 02:40:45.895" endtime="20241118 02:40:49.947"/>
</kw>
<kw name="Go To Register Page" library="resource">
<kw name="Go To" library="SeleniumLibrary">
<arg>${REGISTER_URL}</arg>
<doc>Navigates the current browser window to the provided ``url``.</doc>
<msg timestamp="20241118 02:40:49.948" level="INFO">Opening url 'http://localhost:5001/register'</msg>
<status status="PASS" starttime="20241118 02:40:49.948" endtime="20241118 02:40:50.480"/>
</kw>
<status status="PASS" starttime="20241118 02:40:49.948" endtime="20241118 02:40:50.480"/>
</kw>
<status status="PASS" starttime="20241118 02:40:43.872" endtime="20241118 02:40:50.480"/>
</kw>
<kw name="Set Username">
<arg>ab</arg>
<kw name="Input Text" library="SeleniumLibrary">
<arg>username</arg>
<arg>${username}</arg>
<doc>Types the given ``text`` into the text field identified by ``locator``.</doc>
<msg timestamp="20241118 02:40:50.481" level="INFO">Typing text 'ab' into text field 'username'.</msg>
<status status="PASS" starttime="20241118 02:40:50.480" endtime="20241118 02:40:52.054"/>
</kw>
<status status="PASS" starttime="20241118 02:40:50.480" endtime="20241118 02:40:52.054"/>
</kw>
<kw name="Set Password">
<arg>Salasana1!</arg>
<kw name="Input Password" library="SeleniumLibrary">
<arg>password</arg>
<arg>${password}</arg>
<doc>Types the given password into the text field identified by ``locator``.</doc>
<msg timestamp="20241118 02:40:52.055" level="INFO">Typing password into text field 'password'.</msg>
<msg timestamp="20241118 02:40:53.084" level="INFO">Temporally setting log level to: NONE</msg>
<msg timestamp="20241118 02:40:53.628" level="INFO">Log level changed from NONE to INFO.</msg>
<status status="PASS" starttime="20241118 02:40:52.054" endtime="20241118 02:40:53.628"/>
</kw>
<status status="PASS" starttime="20241118 02:40:52.054" endtime="20241118 02:40:53.628"/>
</kw>
<kw name="Confirm Password">
<arg>Salasana1!</arg>
<kw name="Input Password" library="SeleniumLibrary">
<arg>password_confirmation</arg>
<arg>${password_confirmation}</arg>
<doc>Types the given password into the text field identified by ``locator``.</doc>
<msg timestamp="20241118 02:40:53.629" level="INFO">Typing password into text field 'password_confirmation'.</msg>
<msg timestamp="20241118 02:40:54.657" level="INFO">Temporally setting log level to: NONE</msg>
<msg timestamp="20241118 02:40:55.198" level="INFO">Log level changed from NONE to INFO.</msg>
<status status="PASS" starttime="20241118 02:40:53.629" endtime="20241118 02:40:55.198"/>
</kw>
<status status="PASS" starttime="20241118 02:40:53.628" endtime="20241118 02:40:55.198"/>
</kw>
<kw name="Submit Registration">
<kw name="Click Button" library="SeleniumLibrary">
<arg>Register</arg>
<doc>Clicks the button identified by ``locator``.</doc>
<msg timestamp="20241118 02:40:55.199" level="INFO">Clicking button 'Register'.</msg>
<status status="PASS" starttime="20241118 02:40:55.199" endtime="20241118 02:40:57.556"/>
</kw>
<status status="PASS" starttime="20241118 02:40:55.198" endtime="20241118 02:40:57.556"/>
</kw>
<kw name="Registration Should Fail With Message">
<arg>Username must be at least 3 characters long</arg>
<kw name="Register Page Should Be Open" library="resource">
<kw name="Title Should Be" library="SeleniumLibrary">
<arg>Register</arg>
<doc>Verifies that the current page title equals ``title``.</doc>
<msg timestamp="20241118 02:40:58.062" level="INFO">Page title is 'Register'.</msg>
<status status="PASS" starttime="20241118 02:40:57.557" endtime="20241118 02:40:58.062"/>
</kw>
<status status="PASS" starttime="20241118 02:40:57.557" endtime="20241118 02:40:58.062"/>
</kw>
<kw name="Page Should Contain" library="SeleniumLibrary">
<arg>${message}</arg>
<doc>Verifies that current page contains ``text``.</doc>
<msg timestamp="20241118 02:40:59.080" level="INFO">Current page contains text 'Username must be at least 3 characters long'.</msg>
<status status="PASS" starttime="20241118 02:40:58.062" endtime="20241118 02:40:59.080"/>
</kw>
<status status="PASS" starttime="20241118 02:40:57.556" endtime="20241118 02:40:59.080"/>
</kw>
<status status="PASS" starttime="20241118 02:40:43.871" endtime="20241118 02:40:59.080"/>
</test>
<test id="s1-t3" name="Register With Valid Username And Too Short Password" line="23">
<kw name="Reset Application Create User And Go To Register Page" type="SETUP">
<kw name="Reset Application" library="AppLibrary">
<status status="PASS" starttime="20241118 02:40:59.082" endtime="20241118 02:41:01.118"/>
</kw>
<kw name="Create User" library="AppLibrary">
<arg>kalle</arg>
<arg>kalle123</arg>
<status status="PASS" starttime="20241118 02:41:01.118" endtime="20241118 02:41:05.193"/>
</kw>
<kw name="Go To Register Page" library="resource">
<kw name="Go To" library="SeleniumLibrary">
<arg>${REGISTER_URL}</arg>
<doc>Navigates the current browser window to the provided ``url``.</doc>
<msg timestamp="20241118 02:41:05.194" level="INFO">Opening url 'http://localhost:5001/register'</msg>
<status status="PASS" starttime="20241118 02:41:05.194" endtime="20241118 02:41:06.032"/>
</kw>
<status status="PASS" starttime="20241118 02:41:05.194" endtime="20241118 02:41:06.032"/>
</kw>
<status status="PASS" starttime="20241118 02:40:59.082" endtime="20241118 02:41:06.032"/>
</kw>
<kw name="Set Username">
<arg>uusikayttaja2</arg>
<kw name="Input Text" library="SeleniumLibrary">
<arg>username</arg>
<arg>${username}</arg>
<doc>Types the given ``text`` into the text field identified by ``locator``.</doc>
<msg timestamp="20241118 02:41:06.034" level="INFO">Typing text 'uusikayttaja2' into text field 'username'.</msg>
<status status="PASS" starttime="20241118 02:41:06.033" endtime="20241118 02:41:07.701"/>
</kw>
<status status="PASS" starttime="20241118 02:41:06.033" endtime="20241118 02:41:07.701"/>
</kw>
<kw name="Set Password">
<arg>lyhyt2</arg>
<kw name="Input Password" library="SeleniumLibrary">
<arg>password</arg>
<arg>${password}</arg>
<doc>Types the given password into the text field identified by ``locator``.</doc>
<msg timestamp="20241118 02:41:07.704" level="INFO">Typing password into text field 'password'.</msg>
<msg timestamp="20241118 02:41:08.800" level="INFO">Temporally setting log level to: NONE</msg>
<msg timestamp="20241118 02:41:09.399" level="INFO">Log level changed from NONE to INFO.</msg>
<status status="PASS" starttime="20241118 02:41:07.703" endtime="20241118 02:41:09.399"/>
</kw>
<status status="PASS" starttime="20241118 02:41:07.702" endtime="20241118 02:41:09.399"/>
</kw>
<kw name="Confirm Password">
<arg>lyhyt2</arg>
<kw name="Input Password" library="SeleniumLibrary">
<arg>password_confirmation</arg>
<arg>${password_confirmation}</arg>
<doc>Types the given password into the text field identified by ``locator``.</doc>
<msg timestamp="20241118 02:41:09.400" level="INFO">Typing password into text field 'password_confirmation'.</msg>
<msg timestamp="20241118 02:41:10.431" level="INFO">Temporally setting log level to: NONE</msg>
<msg timestamp="20241118 02:41:10.979" level="INFO">Log level changed from NONE to INFO.</msg>
<status status="PASS" starttime="20241118 02:41:09.400" endtime="20241118 02:41:10.979"/>
</kw>
<status status="PASS" starttime="20241118 02:41:09.400" endtime="20241118 02:41:10.979"/>
</kw>
<kw name="Submit Registration">
<kw name="Click Button" library="SeleniumLibrary">
<arg>Register</arg>
<doc>Clicks the button identified by ``locator``.</doc>
<msg timestamp="20241118 02:41:10.981" level="INFO">Clicking button 'Register'.</msg>
<status status="PASS" starttime="20241118 02:41:10.980" endtime="20241118 02:41:13.157"/>
</kw>
<status status="PASS" starttime="20241118 02:41:10.980" endtime="20241118 02:41:13.157"/>
</kw>
<kw name="Registration Should Fail With Message">
<arg>Password must be at least 8 characters long</arg>
<kw name="Register Page Should Be Open" library="resource">
<kw name="Title Should Be" library="SeleniumLibrary">
<arg>Register</arg>
<doc>Verifies that the current page title equals ``title``.</doc>
<msg timestamp="20241118 02:41:13.679" level="INFO">Page title is 'Register'.</msg>
<status status="PASS" starttime="20241118 02:41:13.160" endtime="20241118 02:41:13.679"/>
</kw>
<status status="PASS" starttime="20241118 02:41:13.160" endtime="20241118 02:41:13.679"/>
</kw>
<kw name="Page Should Contain" library="SeleniumLibrary">
<arg>${message}</arg>
<doc>Verifies that current page contains ``text``.</doc>
<msg timestamp="20241118 02:41:14.730" level="INFO">Current page contains text 'Password must be at least 8 characters long'.</msg>
<status status="PASS" starttime="20241118 02:41:13.679" endtime="20241118 02:41:14.730"/>
</kw>
<status status="PASS" starttime="20241118 02:41:13.159" endtime="20241118 02:41:14.730"/>
</kw>
<status status="PASS" starttime="20241118 02:40:59.081" endtime="20241118 02:41:14.731"/>
</test>
<test id="s1-t4" name="Register With Valid Username And Invalid Password" line="30">
<kw name="Reset Application Create User And Go To Register Page" type="SETUP">
<kw name="Reset Application" library="AppLibrary">
<status status="PASS" starttime="20241118 02:41:14.736" endtime="20241118 02:41:16.785"/>
</kw>
<kw name="Create User" library="AppLibrary">
<arg>kalle</arg>
<arg>kalle123</arg>
<status status="PASS" starttime="20241118 02:41:16.786" endtime="20241118 02:41:20.903"/>
</kw>
<kw name="Go To Register Page" library="resource">
<kw name="Go To" library="SeleniumLibrary">
<arg>${REGISTER_URL}</arg>
<doc>Navigates the current browser window to the provided ``url``.</doc>
<msg timestamp="20241118 02:41:20.904" level="INFO">Opening url 'http://localhost:5001/register'</msg>
<status status="PASS" starttime="20241118 02:41:20.904" endtime="20241118 02:41:21.453"/>
</kw>
<status status="PASS" starttime="20241118 02:41:20.903" endtime="20241118 02:41:21.453"/>
</kw>
<status status="PASS" starttime="20241118 02:41:14.735" endtime="20241118 02:41:21.453"/>
</kw>
<kw name="Set Username">
<arg>uusikayttaja3</arg>
<kw name="Input Text" library="SeleniumLibrary">
<arg>username</arg>
<arg>${username}</arg>
<doc>Types the given ``text`` into the text field identified by ``locator``.</doc>
<msg timestamp="20241118 02:41:21.458" level="INFO">Typing text 'uusikayttaja3' into text field 'username'.</msg>
<status status="PASS" starttime="20241118 02:41:21.456" endtime="20241118 02:41:23.077"/>
</kw>
<status status="PASS" starttime="20241118 02:41:21.455" endtime="20241118 02:41:23.077"/>
</kw>
<kw name="Set Password">
<arg>pelkkiakirjaimia</arg>
<kw name="Input Password" library="SeleniumLibrary">
<arg>password</arg>
<arg>${password}</arg>
<doc>Types the given password into the text field identified by ``locator``.</doc>
<msg timestamp="20241118 02:41:23.078" level="INFO">Typing password into text field 'password'.</msg>
<msg timestamp="20241118 02:41:24.136" level="INFO">Temporally setting log level to: NONE</msg>
<msg timestamp="20241118 02:41:24.682" level="INFO">Log level changed from NONE to INFO.</msg>
<status status="PASS" starttime="20241118 02:41:23.078" endtime="20241118 02:41:24.682"/>
</kw>
<status status="PASS" starttime="20241118 02:41:23.077" endtime="20241118 02:41:24.682"/>
</kw>
<kw name="Confirm Password">
<arg>pelkkiakirjaimia</arg>
<kw name="Input Password" library="SeleniumLibrary">
<arg>password_confirmation</arg>
<arg>${password_confirmation}</arg>
<doc>Types the given password into the text field identified by ``locator``.</doc>
<msg timestamp="20241118 02:41:24.684" level="INFO">Typing password into text field 'password_confirmation'.</msg>
<msg timestamp="20241118 02:41:25.734" level="INFO">Temporally setting log level to: NONE</msg>
<msg timestamp="20241118 02:41:26.337" level="INFO">Log level changed from NONE to INFO.</msg>
<status status="PASS" starttime="20241118 02:41:24.683" endtime="20241118 02:41:26.337"/>
</kw>
<status status="PASS" starttime="20241118 02:41:24.683" endtime="20241118 02:41:26.337"/>
</kw>
<kw name="Submit Registration">
<kw name="Click Button" library="SeleniumLibrary">
<arg>Register</arg>
<doc>Clicks the button identified by ``locator``.</doc>
<msg timestamp="20241118 02:41:26.340" level="INFO">Clicking button 'Register'.</msg>
<status status="PASS" starttime="20241118 02:41:26.339" endtime="20241118 02:41:28.806"/>
</kw>
<status status="PASS" starttime="20241118 02:41:26.338" endtime="20241118 02:41:28.806"/>
</kw>
<kw name="Registration Should Fail With Message">
<arg>Username must only contain letters a-z</arg>
<kw name="Register Page Should Be Open" library="resource">
<kw name="Title Should Be" library="SeleniumLibrary">
<arg>Register</arg>
<doc>Verifies that the current page title equals ``title``.</doc>
<msg timestamp="20241118 02:41:29.319" level="INFO">Page title is 'Register'.</msg>
<status status="PASS" starttime="20241118 02:41:28.808" endtime="20241118 02:41:29.319"/>
</kw>
<status status="PASS" starttime="20241118 02:41:28.808" endtime="20241118 02:41:29.319"/>
</kw>
<kw name="Page Should Contain" library="SeleniumLibrary">
<arg>${message}</arg>
<doc>Verifies that current page contains ``text``.</doc>
<msg timestamp="20241118 02:41:30.369" level="INFO">Current page contains text 'Username must only contain letters a-z'.</msg>
<status status="PASS" starttime="20241118 02:41:29.319" endtime="20241118 02:41:30.369"/>
</kw>
<status status="PASS" starttime="20241118 02:41:28.807" endtime="20241118 02:41:30.369"/>
</kw>
<status status="PASS" starttime="20241118 02:41:14.734" endtime="20241118 02:41:30.369"/>
</test>
<test id="s1-t5" name="Register With Nonmatching Password And Password Confirmation" line="37">
<kw name="Reset Application Create User And Go To Register Page" type="SETUP">
<kw name="Reset Application" library="AppLibrary">
<status status="PASS" starttime="20241118 02:41:30.372" endtime="20241118 02:41:32.420"/>
</kw>
<kw name="Create User" library="AppLibrary">
<arg>kalle</arg>
<arg>kalle123</arg>
<status status="PASS" starttime="20241118 02:41:32.420" endtime="20241118 02:41:36.518"/>
</kw>
<kw name="Go To Register Page" library="resource">
<kw name="Go To" library="SeleniumLibrary">
<arg>${REGISTER_URL}</arg>
<doc>Navigates the current browser window to the provided ``url``.</doc>
<msg timestamp="20241118 02:41:36.519" level="INFO">Opening url 'http://localhost:5001/register'</msg>
<status status="PASS" starttime="20241118 02:41:36.518" endtime="20241118 02:41:37.051"/>
</kw>
<status status="PASS" starttime="20241118 02:41:36.518" endtime="20241118 02:41:37.051"/>
</kw>
<status status="PASS" starttime="20241118 02:41:30.371" endtime="20241118 02:41:37.051"/>
</kw>
<kw name="Set Username">
<arg>uusikayttaja4</arg>
<kw name="Input Text" library="SeleniumLibrary">
<arg>username</arg>
<arg>${username}</arg>
<doc>Types the given ``text`` into the text field identified by ``locator``.</doc>
<msg timestamp="20241118 02:41:37.056" level="INFO">Typing text 'uusikayttaja4' into text field 'username'.</msg>
<status status="PASS" starttime="20241118 02:41:37.054" endtime="20241118 02:41:38.678"/>
</kw>
<status status="PASS" starttime="20241118 02:41:37.053" endtime="20241118 02:41:38.678"/>
</kw>
<kw name="Set Password">
<arg>Salasana1!</arg>
<kw name="Input Password" library="SeleniumLibrary">
<arg>password</arg>
<arg>${password}</arg>
<doc>Types the given password into the text field identified by ``locator``.</doc>
<msg timestamp="20241118 02:41:38.682" level="INFO">Typing password into text field 'password'.</msg>
<msg timestamp="20241118 02:41:39.750" level="INFO">Temporally setting log level to: NONE</msg>
<msg timestamp="20241118 02:41:40.375" level="INFO">Log level changed from NONE to INFO.</msg>
<status status="PASS" starttime="20241118 02:41:38.681" endtime="20241118 02:41:40.375"/>
</kw>
<status status="PASS" starttime="20241118 02:41:38.680" endtime="20241118 02:41:40.375"/>
</kw>
<kw name="Confirm Password">
<arg>Salasana2!</arg>
<kw name="Input Password" library="SeleniumLibrary">
<arg>password_confirmation</arg>
<arg>${password_confirmation}</arg>
<doc>Types the given password into the text field identified by ``locator``.</doc>
<msg timestamp="20241118 02:41:40.376" level="INFO">Typing password into text field 'password_confirmation'.</msg>
<msg timestamp="20241118 02:41:41.452" level="INFO">Temporally setting log level to: NONE</msg>
<msg timestamp="20241118 02:41:42.076" level="INFO">Log level changed from NONE to INFO.</msg>
<status status="PASS" starttime="20241118 02:41:40.376" endtime="20241118 02:41:42.076"/>
</kw>
<status status="PASS" starttime="20241118 02:41:40.375" endtime="20241118 02:41:42.077"/>
</kw>
<kw name="Submit Registration">
<kw name="Click Button" library="SeleniumLibrary">
<arg>Register</arg>
<doc>Clicks the button identified by ``locator``.</doc>
<msg timestamp="20241118 02:41:42.081" level="INFO">Clicking button 'Register'.</msg>
<status status="PASS" starttime="20241118 02:41:42.079" endtime="20241118 02:41:44.531"/>
</kw>
<status status="PASS" starttime="20241118 02:41:42.078" endtime="20241118 02:41:44.531"/>
</kw>
<kw name="Registration Should Fail With Message">
<arg>Password and password confirmation do not match</arg>
<kw name="Register Page Should Be Open" library="resource">
<kw name="Title Should Be" library="SeleniumLibrary">
<arg>Register</arg>
<doc>Verifies that the current page title equals ``title``.</doc>
<msg timestamp="20241118 02:41:45.038" level="INFO">Page title is 'Register'.</msg>
<status status="PASS" starttime="20241118 02:41:44.532" endtime="20241118 02:41:45.038"/>
</kw>
<status status="PASS" starttime="20241118 02:41:44.532" endtime="20241118 02:41:45.038"/>
</kw>
<kw name="Page Should Contain" library="SeleniumLibrary">
<arg>${message}</arg>
<doc>Verifies that current page contains ``text``.</doc>
<msg timestamp="20241118 02:41:46.091" level="INFO">Current page contains text 'Password and password confirmation do not match'.</msg>
<status status="PASS" starttime="20241118 02:41:45.038" endtime="20241118 02:41:46.091"/>
</kw>
<status status="PASS" starttime="20241118 02:41:44.531" endtime="20241118 02:41:46.091"/>
</kw>
<status status="PASS" starttime="20241118 02:41:30.371" endtime="20241118 02:41:46.092"/>
</test>
<test id="s1-t6" name="Register With Username That Is Already In Use" line="44">
<kw name="Reset Application Create User And Go To Register Page" type="SETUP">
<kw name="Reset Application" library="AppLibrary">
<status status="PASS" starttime="20241118 02:41:46.096" endtime="20241118 02:41:48.142"/>
</kw>
<kw name="Create User" library="AppLibrary">
<arg>kalle</arg>
<arg>kalle123</arg>
<status status="PASS" starttime="20241118 02:41:48.143" endtime="20241118 02:41:52.256"/>
</kw>
<kw name="Go To Register Page" library="resource">
<kw name="Go To" library="SeleniumLibrary">
<arg>${REGISTER_URL}</arg>
<doc>Navigates the current browser window to the provided ``url``.</doc>
<msg timestamp="20241118 02:41:52.257" level="INFO">Opening url 'http://localhost:5001/register'</msg>
<status status="PASS" starttime="20241118 02:41:52.257" endtime="20241118 02:41:53.098"/>
</kw>
<status status="PASS" starttime="20241118 02:41:52.256" endtime="20241118 02:41:53.098"/>
</kw>
<status status="PASS" starttime="20241118 02:41:46.096" endtime="20241118 02:41:53.098"/>
</kw>
<kw name="Set Username">
<arg>kalle</arg>
<kw name="Input Text" library="SeleniumLibrary">
<arg>username</arg>
<arg>${username}</arg>
<doc>Types the given ``text`` into the text field identified by ``locator``.</doc>
<msg timestamp="20241118 02:41:53.100" level="INFO">Typing text 'kalle' into text field 'username'.</msg>
<status status="PASS" starttime="20241118 02:41:53.099" endtime="20241118 02:41:54.696"/>
</kw>
<status status="PASS" starttime="20241118 02:41:53.099" endtime="20241118 02:41:54.696"/>
</kw>
<kw name="Set Password">
<arg>Salasana1!</arg>
<kw name="Input Password" library="SeleniumLibrary">
<arg>password</arg>
<arg>${password}</arg>
<doc>Types the given password into the text field identified by ``locator``.</doc>
<msg timestamp="20241118 02:41:54.698" level="INFO">Typing password into text field 'password'.</msg>
<msg timestamp="20241118 02:41:55.758" level="INFO">Temporally setting log level to: NONE</msg>
<msg timestamp="20241118 02:41:56.346" level="INFO">Log level changed from NONE to INFO.</msg>
<status status="PASS" starttime="20241118 02:41:54.697" endtime="20241118 02:41:56.346"/>
</kw>
<status status="PASS" starttime="20241118 02:41:54.697" endtime="20241118 02:41:56.347"/>
</kw>
<kw name="Confirm Password">
<arg>Salasana1!</arg>
<kw name="Input Password" library="SeleniumLibrary">
<arg>password_confirmation</arg>
<arg>${password_confirmation}</arg>
<doc>Types the given password into the text field identified by ``locator``.</doc>
<msg timestamp="20241118 02:41:56.351" level="INFO">Typing password into text field 'password_confirmation'.</msg>
<msg timestamp="20241118 02:41:57.472" level="INFO">Temporally setting log level to: NONE</msg>
<msg timestamp="20241118 02:41:58.024" level="INFO">Log level changed from NONE to INFO.</msg>
<status status="PASS" starttime="20241118 02:41:56.349" endtime="20241118 02:41:58.024"/>
</kw>
<status status="PASS" starttime="20241118 02:41:56.348" endtime="20241118 02:41:58.025"/>
</kw>
<kw name="Submit Registration">
<kw name="Click Button" library="SeleniumLibrary">
<arg>Register</arg>
<doc>Clicks the button identified by ``locator``.</doc>
<msg timestamp="20241118 02:41:58.029" level="INFO">Clicking button 'Register'.</msg>
<status status="PASS" starttime="20241118 02:41:58.027" endtime="20241118 02:42:00.177"/>
</kw>
<status status="PASS" starttime="20241118 02:41:58.026" endtime="20241118 02:42:00.177"/>
</kw>
<kw name="Registration Should Fail With Message">
<arg>User with username kalle already exists</arg>
<kw name="Register Page Should Be Open" library="resource">
<kw name="Title Should Be" library="SeleniumLibrary">
<arg>Register</arg>
<doc>Verifies that the current page title equals ``title``.</doc>
<msg timestamp="20241118 02:42:00.688" level="INFO">Page title is 'Register'.</msg>
<status status="PASS" starttime="20241118 02:42:00.179" endtime="20241118 02:42:00.688"/>
</kw>
<status status="PASS" starttime="20241118 02:42:00.178" endtime="20241118 02:42:00.688"/>
</kw>
<kw name="Page Should Contain" library="SeleniumLibrary">
<arg>${message}</arg>
<doc>Verifies that current page contains ``text``.</doc>
<msg timestamp="20241118 02:42:01.711" level="INFO">Current page contains text 'User with username kalle already exists'.</msg>
<status status="PASS" starttime="20241118 02:42:00.689" endtime="20241118 02:42:01.711"/>
</kw>
<status status="PASS" starttime="20241118 02:42:00.178" endtime="20241118 02:42:01.711"/>
</kw>
<status status="PASS" starttime="20241118 02:41:46.095" endtime="20241118 02:42:01.713"/>
</test>
<kw name="Close Browser" library="SeleniumLibrary" type="TEARDOWN">
<doc>Closes the current browser.</doc>
<status status="PASS" starttime="20241118 02:42:01.719" endtime="20241118 02:42:04.387"/>
</kw>
<status status="PASS" starttime="20241118 02:40:26.517" endtime="20241118 02:42:04.387"/>
</suite>
<statistics>
<total>
<stat pass="6" fail="0" skip="0">All Tests</stat>
</total>
<tag>
</tag>
<suite>
<stat pass="6" fail="0" skip="0" id="s1" name="Register">Register</stat>
</suite>
</statistics>
<errors>
</errors>
</robot>
