<?xml version="1.0" encoding="UTF-8"?>
<robot generator="Robot 6.1.1 (Python 3.12.4 on win32)" generated="20241118 01:58:35.736" rpa="false" schemaversion="4">
<suite id="s1" name="Tests" source="E:\Koulu\Ohjelmistotuotanto\palautusrepositorio\viikko3\web-login\src\tests">
<suite id="s1-s1" name="Home" source="E:\Koulu\Ohjelmistotuotanto\palautusrepositorio\viikko3\web-login\src\tests\home.robot">
<kw name="Open And Configure Browser" library="resource" type="SETUP">
<if>
<branch type="IF" condition="$BROWSER == 'chrome'">
<kw name="Evaluate" library="BuiltIn">
<var>${options}</var>
<arg>sys.modules['selenium.webdriver'].ChromeOptions()</arg>
<arg>sys</arg>
<doc>Evaluates the given expression in Python and returns the result.</doc>
<msg timestamp="20241118 01:58:36.774" level="INFO">${options} = &lt;selenium.webdriver.chrome.options.Options object at 0x000001BCAD84CEF0&gt;</msg>
<status status="PASS" starttime="20241118 01:58:36.774" endtime="20241118 01:58:36.774"/>
</kw>
<status status="PASS" starttime="20241118 01:58:36.774" endtime="20241118 01:58:36.774"/>
</branch>
<branch type="ELSE IF" condition="$BROWSER == 'firefox'">
<kw name="Evaluate" library="BuiltIn">
<var>${options}</var>
<arg>sys.modules['selenium.webdriver'].FirefoxOptions()</arg>
<arg>sys</arg>
<doc>Evaluates the given expression in Python and returns the result.</doc>
<status status="NOT RUN" starttime="20241118 01:58:36.774" endtime="20241118 01:58:36.774"/>
</kw>
<status status="NOT RUN" starttime="20241118 01:58:36.774" endtime="20241118 01:58:36.775"/>
</branch>
<status status="PASS" starttime="20241118 01:58:36.774" endtime="20241118 01:58:36.775"/>
</if>
<if>
<branch type="IF" condition="$HEADLESS == 'true'">
<kw name="Set Selenium Speed" library="SeleniumLibrary">
<arg>0</arg>
<doc>Sets the delay that is waited after each Selenium command.</doc>
<status status="NOT RUN" starttime="20241118 01:58:36.775" endtime="20241118 01:58:36.775"/>
</kw>
<kw name="Call Method" library="BuiltIn">
<arg>${options}</arg>
<arg>add_argument</arg>
<arg>--headless</arg>
<doc>Calls the named method of the given object with the provided arguments.</doc>
<status status="NOT RUN" starttime="20241118 01:58:36.775" endtime="20241118 01:58:36.775"/>
</kw>
<status status="NOT RUN" starttime="20241118 01:58:36.775" endtime="20241118 01:58:36.775"/>
</branch>
<branch type="ELSE">
<kw name="Set Selenium Speed" library="SeleniumLibrary">
<arg>${DELAY}</arg>
<doc>Sets the delay that is waited after each Selenium command.</doc>
<status status="PASS" starttime="20241118 01:58:36.775" endtime="20241118 01:58:36.775"/>
</kw>
<status status="PASS" starttime="20241118 01:58:36.775" endtime="20241118 01:58:36.775"/>
</branch>
<status status="PASS" starttime="20241118 01:58:36.775" endtime="20241118 01:58:36.775"/>
</if>
<kw name="Open Browser" library="SeleniumLibrary">
<arg>browser=${BROWSER}</arg>
<arg>options=${options}</arg>
<doc>Opens a new browser instance to the optional ``url``.</doc>
<msg timestamp="20241118 01:58:36.775" level="INFO">Opening browser 'chrome' to base url 'None'.</msg>
<status status="PASS" starttime="20241118 01:58:36.775" endtime="20241118 01:58:38.323"/>
</kw>
<status status="PASS" starttime="20241118 01:58:36.774" endtime="20241118 01:58:38.323"/>
</kw>
<test id="s1-s1-t1" name="Click Login Link" line="8">
<kw name="Reset Application And Go To Starting Page" type="SETUP">
<kw name="Reset Application" library="AppLibrary">
<status status="PASS" starttime="20241118 01:58:38.325" endtime="20241118 01:58:40.373"/>
</kw>
<kw name="Go To Starting Page" library="resource">
<kw name="Go To" library="SeleniumLibrary">
<arg>${HOME_URL}</arg>
<doc>Navigates the current browser window to the provided ``url``.</doc>
<msg timestamp="20241118 01:58:40.373" level="INFO">Opening url 'http://localhost:5001'</msg>
<status status="PASS" starttime="20241118 01:58:40.373" endtime="20241118 01:58:41.231"/>
</kw>
<status status="PASS" starttime="20241118 01:58:40.373" endtime="20241118 01:58:41.231"/>
</kw>
<status status="PASS" starttime="20241118 01:58:38.325" endtime="20241118 01:58:41.231"/>
</kw>
<kw name="Click Link" library="SeleniumLibrary">
<arg>Login</arg>
<doc>Clicks a link identified by ``locator``.</doc>
<msg timestamp="20241118 01:58:41.232" level="INFO">Clicking link 'Login'.</msg>
<status status="PASS" starttime="20241118 01:58:41.231" endtime="20241118 01:58:42.837"/>
</kw>
<kw name="Login Page Should Be Open" library="resource">
<kw name="Title Should Be" library="SeleniumLibrary">
<arg>Login</arg>
<doc>Verifies that the current page title equals ``title``.</doc>
<msg timestamp="20241118 01:58:43.344" level="INFO">Page title is 'Login'.</msg>
<status status="PASS" starttime="20241118 01:58:42.837" endtime="20241118 01:58:43.344"/>
</kw>
<status status="PASS" starttime="20241118 01:58:42.837" endtime="20241118 01:58:43.344"/>
</kw>
<status status="PASS" starttime="20241118 01:58:38.323" endtime="20241118 01:58:43.344"/>
</test>
<test id="s1-s1-t2" name="Click Register Link" line="12">
<kw name="Reset Application And Go To Starting Page" type="SETUP">
<kw name="Reset Application" library="AppLibrary">
<status status="PASS" starttime="20241118 01:58:43.346" endtime="20241118 01:58:45.399"/>
</kw>
<kw name="Go To Starting Page" library="resource">
<kw name="Go To" library="SeleniumLibrary">
<arg>${HOME_URL}</arg>
<doc>Navigates the current browser window to the provided ``url``.</doc>
<msg timestamp="20241118 01:58:45.400" level="INFO">Opening url 'http://localhost:5001'</msg>
<status status="PASS" starttime="20241118 01:58:45.399" endtime="20241118 01:58:45.922"/>
</kw>
<status status="PASS" starttime="20241118 01:58:45.399" endtime="20241118 01:58:45.922"/>
</kw>
<status status="PASS" starttime="20241118 01:58:43.346" endtime="20241118 01:58:45.922"/>
</kw>
<kw name="Click Link" library="SeleniumLibrary">
<arg>Register new user</arg>
<doc>Clicks a link identified by ``locator``.</doc>
<msg timestamp="20241118 01:58:45.923" level="INFO">Clicking link 'Register new user'.</msg>
<status status="PASS" starttime="20241118 01:58:45.922" endtime="20241118 01:58:47.559"/>
</kw>
<kw name="Register Page Should Be Open" library="resource">
<kw name="Title Should Be" library="SeleniumLibrary">
<arg>Register</arg>
<doc>Verifies that the current page title equals ``title``.</doc>
<msg timestamp="20241118 01:58:48.079" level="INFO">Page title is 'Register'.</msg>
<status status="PASS" starttime="20241118 01:58:47.561" endtime="20241118 01:58:48.079"/>
</kw>
<status status="PASS" starttime="20241118 01:58:47.561" endtime="20241118 01:58:48.079"/>
</kw>
<status status="PASS" starttime="20241118 01:58:43.346" endtime="20241118 01:58:48.081"/>
</test>
<kw name="Close Browser" library="SeleniumLibrary" type="TEARDOWN">
<doc>Closes the current browser.</doc>
<status status="PASS" starttime="20241118 01:58:48.087" endtime="20241118 01:58:50.767"/>
</kw>
<status status="PASS" starttime="20241118 01:58:35.774" endtime="20241118 01:58:50.767"/>
</suite>
<suite id="s1-s2" name="Login" source="E:\Koulu\Ohjelmistotuotanto\palautusrepositorio\viikko3\web-login\src\tests\login.robot">
<kw name="Open And Configure Browser" library="resource" type="SETUP">
<if>
<branch type="IF" condition="$BROWSER == 'chrome'">
<kw name="Evaluate" library="BuiltIn">
<var>${options}</var>
<arg>sys.modules['selenium.webdriver'].ChromeOptions()</arg>
<arg>sys</arg>
<doc>Evaluates the given expression in Python and returns the result.</doc>
<msg timestamp="20241118 01:58:50.810" level="INFO">${options} = &lt;selenium.webdriver.chrome.options.Options object at 0x000001BCAD8824B0&gt;</msg>
<status status="PASS" starttime="20241118 01:58:50.810" endtime="20241118 01:58:50.810"/>
</kw>
<status status="PASS" starttime="20241118 01:58:50.809" endtime="20241118 01:58:50.810"/>
</branch>
<branch type="ELSE IF" condition="$BROWSER == 'firefox'">
<kw name="Evaluate" library="BuiltIn">
<var>${options}</var>
<arg>sys.modules['selenium.webdriver'].FirefoxOptions()</arg>
<arg>sys</arg>
<doc>Evaluates the given expression in Python and returns the result.</doc>
<status status="NOT RUN" starttime="20241118 01:58:50.811" endtime="20241118 01:58:50.811"/>
</kw>
<status status="NOT RUN" starttime="20241118 01:58:50.810" endtime="20241118 01:58:50.811"/>
</branch>
<status status="PASS" starttime="20241118 01:58:50.809" endtime="20241118 01:58:50.811"/>
</if>
<if>
<branch type="IF" condition="$HEADLESS == 'true'">
<kw name="Set Selenium Speed" library="SeleniumLibrary">
<arg>0</arg>
<doc>Sets the delay that is waited after each Selenium command.</doc>
<status status="NOT RUN" starttime="20241118 01:58:50.811" endtime="20241118 01:58:50.811"/>
</kw>
<kw name="Call Method" library="BuiltIn">
<arg>${options}</arg>
<arg>add_argument</arg>
<arg>--headless</arg>
<doc>Calls the named method of the given object with the provided arguments.</doc>
<status status="NOT RUN" starttime="20241118 01:58:50.811" endtime="20241118 01:58:50.812"/>
</kw>
<status status="NOT RUN" starttime="20241118 01:58:50.811" endtime="20241118 01:58:50.812"/>
</branch>
<branch type="ELSE">
<kw name="Set Selenium Speed" library="SeleniumLibrary">
<arg>${DELAY}</arg>
<doc>Sets the delay that is waited after each Selenium command.</doc>
<status status="PASS" starttime="20241118 01:58:50.812" endtime="20241118 01:58:50.812"/>
</kw>
<status status="PASS" starttime="20241118 01:58:50.812" endtime="20241118 01:58:50.812"/>
</branch>
<status status="PASS" starttime="20241118 01:58:50.811" endtime="20241118 01:58:50.812"/>
</if>
<kw name="Open Browser" library="SeleniumLibrary">
<arg>browser=${BROWSER}</arg>
<arg>options=${options}</arg>
<doc>Opens a new browser instance to the optional ``url``.</doc>
<msg timestamp="20241118 01:58:50.813" level="INFO">Opening browser 'chrome' to base url 'None'.</msg>
<status status="PASS" starttime="20241118 01:58:50.813" endtime="20241118 01:58:52.398"/>
</kw>
<status status="PASS" starttime="20241118 01:58:50.809" endtime="20241118 01:58:52.398"/>
</kw>
<test id="s1-s2-t1" name="Login With Correct Credentials" line="8">
<kw name="Reset Application Create User And Go To Login Page" type="SETUP">
<kw name="Reset Application" library="AppLibrary">
<status status="PASS" starttime="20241118 01:58:52.399" endtime="20241118 01:58:54.425"/>
</kw>
<kw name="Create User" library="AppLibrary">
<arg>kalle</arg>
<arg>kalle123</arg>
<status status="PASS" starttime="20241118 01:58:54.426" endtime="20241118 01:58:58.497"/>
</kw>
<kw name="Go To Login Page" library="resource">
<kw name="Go To" library="SeleniumLibrary">
<arg>${LOGIN_URL}</arg>
<doc>Navigates the current browser window to the provided ``url``.</doc>
<msg timestamp="20241118 01:58:58.498" level="INFO">Opening url 'http://localhost:5001/login'</msg>
<status status="PASS" starttime="20241118 01:58:58.498" endtime="20241118 01:58:59.365"/>
</kw>
<status status="PASS" starttime="20241118 01:58:58.498" endtime="20241118 01:58:59.365"/>
</kw>
<status status="PASS" starttime="20241118 01:58:52.399" endtime="20241118 01:58:59.365"/>
</kw>
<kw name="Set Username">
<arg>kalle</arg>
<kw name="Input Text" library="SeleniumLibrary">
<arg>username</arg>
<arg>${username}</arg>
<doc>Types the given ``text`` into the text field identified by ``locator``.</doc>
<msg timestamp="20241118 01:58:59.366" level="INFO">Typing text 'kalle' into text field 'username'.</msg>
<status status="PASS" starttime="20241118 01:58:59.366" endtime="20241118 01:59:01.009"/>
</kw>
<status status="PASS" starttime="20241118 01:58:59.366" endtime="20241118 01:59:01.009"/>
</kw>
<kw name="Set Password">
<arg>kalle123</arg>
<kw name="Input Password" library="SeleniumLibrary">
<arg>password</arg>
<arg>${password}</arg>
<doc>Types the given password into the text field identified by ``locator``.</doc>
<msg timestamp="20241118 01:59:01.015" level="INFO">Typing password into text field 'password'.</msg>
<msg timestamp="20241118 01:59:02.068" level="INFO">Temporally setting log level to: NONE</msg>
<msg timestamp="20241118 01:59:02.634" level="INFO">Log level changed from NONE to INFO.</msg>
<status status="PASS" starttime="20241118 01:59:01.012" endtime="20241118 01:59:02.634"/>
</kw>
<status status="PASS" starttime="20241118 01:59:01.011" endtime="20241118 01:59:02.634"/>
</kw>
<kw name="Submit Credentials">
<kw name="Click Button" library="SeleniumLibrary">
<arg>Login</arg>
<doc>Clicks the button identified by ``locator``.</doc>
<msg timestamp="20241118 01:59:02.635" level="INFO">Clicking button 'Login'.</msg>
<status status="PASS" starttime="20241118 01:59:02.634" endtime="20241118 01:59:05.041"/>
</kw>
<status status="PASS" starttime="20241118 01:59:02.634" endtime="20241118 01:59:05.041"/>
</kw>
<kw name="Login Should Succeed">
<kw name="Main Page Should Be Open" library="resource">
<kw name="Title Should Be" library="SeleniumLibrary">
<arg>Ohtu Application main page</arg>
<doc>Verifies that the current page title equals ``title``.</doc>
<msg timestamp="20241118 01:59:05.553" level="INFO">Page title is 'Ohtu Application main page'.</msg>
<status status="PASS" starttime="20241118 01:59:05.042" endtime="20241118 01:59:05.553"/>
</kw>
<status status="PASS" starttime="20241118 01:59:05.042" endtime="20241118 01:59:05.553"/>
</kw>
<status status="PASS" starttime="20241118 01:59:05.042" endtime="20241118 01:59:05.553"/>
</kw>
<status status="PASS" starttime="20241118 01:58:52.398" endtime="20241118 01:59:05.553"/>
</test>
<test id="s1-s2-t2" name="Login With Incorrect Password" line="14">
<kw name="Reset Application Create User And Go To Login Page" type="SETUP">
<kw name="Reset Application" library="AppLibrary">
<status status="PASS" starttime="20241118 01:59:05.556" endtime="20241118 01:59:07.585"/>
</kw>
<kw name="Create User" library="AppLibrary">
<arg>kalle</arg>
<arg>kalle123</arg>
<status status="PASS" starttime="20241118 01:59:07.585" endtime="20241118 01:59:11.647"/>
</kw>
<kw name="Go To Login Page" library="resource">
<kw name="Go To" library="SeleniumLibrary">
<arg>${LOGIN_URL}</arg>
<doc>Navigates the current browser window to the provided ``url``.</doc>
<msg timestamp="20241118 01:59:11.648" level="INFO">Opening url 'http://localhost:5001/login'</msg>
<status status="PASS" starttime="20241118 01:59:11.648" endtime="20241118 01:59:12.477"/>
</kw>
<status status="PASS" starttime="20241118 01:59:11.647" endtime="20241118 01:59:12.477"/>
</kw>
<status status="PASS" starttime="20241118 01:59:05.555" endtime="20241118 01:59:12.477"/>
</kw>
<kw name="Set Username">
<arg>kalle</arg>
<kw name="Input Text" library="SeleniumLibrary">
<arg>username</arg>
<arg>${username}</arg>
<doc>Types the given ``text`` into the text field identified by ``locator``.</doc>
<msg timestamp="20241118 01:59:12.479" level="INFO">Typing text 'kalle' into text field 'username'.</msg>
<status status="PASS" starttime="20241118 01:59:12.478" endtime="20241118 01:59:14.053"/>
</kw>
<status status="PASS" starttime="20241118 01:59:12.478" endtime="20241118 01:59:14.053"/>
</kw>
<kw name="Set Password">
<arg>kalle456</arg>
<kw name="Input Password" library="SeleniumLibrary">
<arg>password</arg>
<arg>${password}</arg>
<doc>Types the given password into the text field identified by ``locator``.</doc>
<msg timestamp="20241118 01:59:14.055" level="INFO">Typing password into text field 'password'.</msg>
<msg timestamp="20241118 01:59:15.091" level="INFO">Temporally setting log level to: NONE</msg>
<msg timestamp="20241118 01:59:15.635" level="INFO">Log level changed from NONE to INFO.</msg>
<status status="PASS" starttime="20241118 01:59:14.055" endtime="20241118 01:59:15.635"/>
</kw>
<status status="PASS" starttime="20241118 01:59:14.054" endtime="20241118 01:59:15.635"/>
</kw>
<kw name="Submit Credentials">
<kw name="Click Button" library="SeleniumLibrary">
<arg>Login</arg>
<doc>Clicks the button identified by ``locator``.</doc>
<msg timestamp="20241118 01:59:15.636" level="INFO">Clicking button 'Login'.</msg>
<status status="PASS" starttime="20241118 01:59:15.636" endtime="20241118 01:59:17.690"/>
</kw>
<status status="PASS" starttime="20241118 01:59:15.635" endtime="20241118 01:59:17.690"/>
</kw>
<kw name="Login Should Fail With Message">
<arg>Invalid username or password</arg>
<kw name="Login Page Should Be Open" library="resource">
<kw name="Title Should Be" library="SeleniumLibrary">
<arg>Login</arg>
<doc>Verifies that the current page title equals ``title``.</doc>
<msg timestamp="20241118 01:59:18.196" level="INFO">Page title is 'Login'.</msg>
<status status="PASS" starttime="20241118 01:59:17.691" endtime="20241118 01:59:18.196"/>
</kw>
<status status="PASS" starttime="20241118 01:59:17.691" endtime="20241118 01:59:18.196"/>
</kw>
<kw name="Page Should Contain" library="SeleniumLibrary">
<arg>${message}</arg>
<doc>Verifies that current page contains ``text``.</doc>
<msg timestamp="20241118 01:59:19.210" level="INFO">Current page contains text 'Invalid username or password'.</msg>
<status status="PASS" starttime="20241118 01:59:18.196" endtime="20241118 01:59:19.210"/>
</kw>
<status status="PASS" starttime="20241118 01:59:17.690" endtime="20241118 01:59:19.210"/>
</kw>
<status status="PASS" starttime="20241118 01:59:05.555" endtime="20241118 01:59:19.210"/>
</test>
<kw name="Close Browser" library="SeleniumLibrary" type="TEARDOWN">
<doc>Closes the current browser.</doc>
<status status="PASS" starttime="20241118 01:59:19.211" endtime="20241118 01:59:21.792"/>
</kw>
<status status="PASS" starttime="20241118 01:58:50.774" endtime="20241118 01:59:21.792"/>
</suite>
<status status="PASS" starttime="20241118 01:58:35.738" endtime="20241118 01:59:21.794"/>
</suite>
<statistics>
<total>
<stat pass="4" fail="0" skip="0">All Tests</stat>
</total>
<tag>
</tag>
<suite>
<stat pass="4" fail="0" skip="0" id="s1" name="Tests">Tests</stat>
<stat pass="2" fail="0" skip="0" id="s1-s1" name="Home">Tests.Home</stat>
<stat pass="2" fail="0" skip="0" id="s1-s2" name="Login">Tests.Login</stat>
</suite>
</statistics>
<errors>
</errors>
</robot>
